-- Found ament_cmake: 2.5.3 (/opt/ros/jazzy/share/ament_cmake/cmake)
-- Found rclcpp: 28.1.6 (/opt/ros/jazzy/share/rclcpp/cmake)
-- Found rosidl_generator_c: 4.6.5 (/opt/ros/jazzy/share/rosidl_generator_c/cmake)
-- Found rosidl_generator_cpp: 4.6.5 (/opt/ros/jazzy/share/rosidl_generator_cpp/cmake)
-- Using all available rosidl_typesupport_c: rosidl_typesupport_fastrtps_c;rosidl_typesupport_introspection_c
-- Using all available rosidl_typesupport_cpp: rosidl_typesupport_fastrtps_cpp;rosidl_typesupport_introspection_cpp
-- Found rmw_implementation_cmake: 7.3.1 (/opt/ros/jazzy/share/rmw_implementation_cmake/cmake)
-- Found rmw_fastrtps_cpp: 8.4.1 (/opt/ros/jazzy/share/rmw_fastrtps_cpp/cmake)
-- Using RMW implementation 'rmw_fastrtps_cpp' as default
-- Found tf2_ros: 0.36.8 (/opt/ros/jazzy/share/tf2_ros/cmake)
-- Found tf2_geometry_msgs: 0.36.8 (/opt/ros/jazzy/share/tf2_geometry_msgs/cmake)
-- Found eigen3_cmake_module: 0.3.0 (/opt/ros/jazzy/share/eigen3_cmake_module/cmake)
-- Ensuring Eigen3 include directory is part of orocos-kdl CMake target
-- Found ament_lint_auto: 0.17.1 (/opt/ros/jazzy/share/ament_lint_auto/cmake)
-- Added test 'cppcheck' to perform static code analysis on C / C++ code
-- Configured cppcheck include dirs: 
-- Configured cppcheck exclude dirs and/or files: 
-- Added test 'lint_cmake' to check CMake code style
-- Added test 'uncrustify' to check C / C++ code style
-- Configured uncrustify additional arguments: 
-- Added test 'xmllint' to check XML markup files
-- Configuring done (0.4s)
-- Generating done (0.0s)
-- Build files have been written to: /home/honhe/learn_ros/Chapter5/chapt5_ws/build/demo_cpp_tf
[ 16%] [32mBuilding CXX object CMakeFiles/tf_listener.dir/src/tf_listener.cpp.o[0m
[ 50%] Built target static_tf_broadcaster
[ 83%] Built target dynamic_tf_broadcaster
[01m[K/home/honhe/learn_ros/Chapter5/chapt5_ws/src/demo_cpp_tf/src/tf_listener.cpp:64:2:[m[K [01;31m[Kerror: [m[Kexpected â€˜[01m[K}[m[Kâ€™ at end of input
   64 | }
      |  [01;31m[K^[m[K
[01m[K/home/honhe/learn_ros/Chapter5/chapt5_ws/src/demo_cpp_tf/src/tf_listener.cpp:12:40:[m[K [01;36m[Knote: [m[Kto match this â€˜[01m[K{[m[Kâ€™
   12 | class TFListener : public rclcpp::Node [01;36m[K{[m[K
      |                                        [01;36m[K^[m[K
[01m[K/home/honhe/learn_ros/Chapter5/chapt5_ws/src/demo_cpp_tf/src/tf_listener.cpp:[m[K In constructor â€˜[01m[KTFListener::[01;32m[KTFListener[m[K()[m[Kâ€™:
[01m[K/home/honhe/learn_ros/Chapter5/chapt5_ws/src/demo_cpp_tf/src/tf_listener.cpp:16:5:[m[K [01;31m[Kerror: [m[Kâ€˜[01m[Kbuffer_[m[Kâ€™ was not declared in this scope
   16 |     [01;31m[Kbuffer_[m[K = std::make_shared<tf2_ros::Buffer>(this->get_clock());
      |     [01;31m[K^~~~~~~[m[K
[01m[K/home/honhe/learn_ros/Chapter5/chapt5_ws/src/demo_cpp_tf/src/tf_listener.cpp:17:5:[m[K [01;31m[Kerror: [m[Kâ€˜[01m[Klistener_[m[Kâ€™ was not declared in this scope
   17 |     [01;31m[Klistener_[m[K = std::make_shared<tf2_ros::TransformListener>(*buffer_,this);
      |     [01;31m[K^~~~~~~~~[m[K
[01m[K/home/honhe/learn_ros/Chapter5/chapt5_ws/src/demo_cpp_tf/src/tf_listener.cpp:18:5:[m[K [01;31m[Kerror: [m[Kâ€˜[01m[Ktimer_[m[Kâ€™ was not declared in this scope; did you mean â€˜[01m[Ktimer_t[m[Kâ€™?
   18 |     [01;31m[Ktimer_[m[K = this->create_wall_timer(100ms,std::bind(&TFListener::getTransform,this));
      |     [01;31m[K^~~~~~[m[K
      |     [32m[Ktimer_t[m[K
[01m[K/home/honhe/learn_ros/Chapter5/chapt5_ws/src/demo_cpp_tf/src/tf_listener.cpp:[m[K In member function â€˜[01m[Kvoid TFListener::[01;32m[KgetTransform[m[K()[m[Kâ€™:
[01m[K/home/honhe/learn_ros/Chapter5/chapt5_ws/src/demo_cpp_tf/src/tf_listener.cpp:24:32:[m[K [01;31m[Kerror: [m[Kâ€˜[01m[Kbuffer_[m[Kâ€™ was not declared in this scope
   24 |         const auto transform = [01;31m[Kbuffer_[m[K->lookupTransform("base_link","target_point",
      |                                [01;31m[K^~~~~~~[m[K
[01m[K/home/honhe/learn_ros/Chapter5/chapt5_ws/src/demo_cpp_tf/src/tf_listener.cpp:34:5:[m[K [01;31m[Kerror: [m[Kexpected primary-expression before â€˜[01m[Kcatch[m[Kâ€™
   34 |     [01;31m[Kcatch[m[K(const std::exception& e){
      |     [01;31m[K^~~~~[m[K
[01m[K/home/honhe/learn_ros/Chapter5/chapt5_ws/src/demo_cpp_tf/src/tf_listener.cpp:52:9:[m[K [01;31m[Kerror: [m[Kexpected â€˜[01m[Kcatch[m[Kâ€™ before â€˜[01m[K:[m[Kâ€™ token
   52 |  private[01;31m[K:[m[K
      |         [01;31m[K^[m[K
[01m[K/home/honhe/learn_ros/Chapter5/chapt5_ws/src/demo_cpp_tf/src/tf_listener.cpp:52:9:[m[K [01;31m[Kerror: [m[Kexpected â€˜[01m[K([m[Kâ€™ before â€˜[01m[K:[m[Kâ€™ token
[01m[K/home/honhe/learn_ros/Chapter5/chapt5_ws/src/demo_cpp_tf/src/tf_listener.cpp:52:9:[m[K [01;31m[Kerror: [m[Kexpected type-specifier before â€˜[01m[K:[m[Kâ€™ token
[01m[K/home/honhe/learn_ros/Chapter5/chapt5_ws/src/demo_cpp_tf/src/tf_listener.cpp:52:9:[m[K [01;31m[Kerror: [m[Kexpected â€˜[01m[K)[m[Kâ€™ before â€˜[01m[K:[m[Kâ€™ token
[01m[K/home/honhe/learn_ros/Chapter5/chapt5_ws/src/demo_cpp_tf/src/tf_listener.cpp:52:9:[m[K [01;36m[Knote: [m[Kto match this â€˜[01m[K([m[Kâ€™
[01m[K/home/honhe/learn_ros/Chapter5/chapt5_ws/src/demo_cpp_tf/src/tf_listener.cpp:52:9:[m[K [01;31m[Kerror: [m[Kexpected â€˜[01m[K{[m[Kâ€™ before â€˜[01m[K:[m[Kâ€™ token
[01m[K/home/honhe/learn_ros/Chapter5/chapt5_ws/src/demo_cpp_tf/src/tf_listener.cpp:52:9:[m[K [01;31m[Kerror: [m[Kexpected primary-expression before â€˜[01m[K:[m[Kâ€™ token
[01m[K/home/honhe/learn_ros/Chapter5/chapt5_ws/src/demo_cpp_tf/src/tf_listener.cpp:[m[K At global scope:
[01m[K/home/honhe/learn_ros/Chapter5/chapt5_ws/src/demo_cpp_tf/src/tf_listener.cpp:64:2:[m[K [01;31m[Kerror: [m[Kexpected unqualified-id at end of input
   64 | }
      |  [01;31m[K^[m[K
gmake[2]: *** [CMakeFiles/tf_listener.dir/build.make:76: CMakeFiles/tf_listener.dir/src/tf_listener.cpp.o] Error 1
gmake[1]: *** [CMakeFiles/Makefile2:193: CMakeFiles/tf_listener.dir/all] Error 2
gmake: *** [Makefile:146: all] Error 2
