[0.007s] Invoking command in '/home/honhe/learn_ros/Chapter5/chapt5_ws/build/demo_cpp_tf': CMAKE_PREFIX_PATH=${CMAKE_PREFIX_PATH}:/home/honhe/learn_ros/Chapter5/chapt5_ws/install/demo_python_tf:/opt/ros/jazzy DEBUGINFOD_URLS=https://debuginfod.ubuntu.com VIRTUAL_ENV_PROMPT=(learn_ros_venv) /usr/bin/cmake --build /home/honhe/learn_ros/Chapter5/chapt5_ws/build/demo_cpp_tf -- -j32 -l32
[0.025s] -- Found ament_cmake: 2.5.3 (/opt/ros/jazzy/share/ament_cmake/cmake)
[0.162s] -- Found rclcpp: 28.1.6 (/opt/ros/jazzy/share/rclcpp/cmake)
[0.176s] -- Found rosidl_generator_c: 4.6.5 (/opt/ros/jazzy/share/rosidl_generator_c/cmake)
[0.181s] -- Found rosidl_generator_cpp: 4.6.5 (/opt/ros/jazzy/share/rosidl_generator_cpp/cmake)
[0.187s] -- Using all available rosidl_typesupport_c: rosidl_typesupport_fastrtps_c;rosidl_typesupport_introspection_c
[0.195s] -- Using all available rosidl_typesupport_cpp: rosidl_typesupport_fastrtps_cpp;rosidl_typesupport_introspection_cpp
[0.229s] -- Found rmw_implementation_cmake: 7.3.1 (/opt/ros/jazzy/share/rmw_implementation_cmake/cmake)
[0.230s] -- Found rmw_fastrtps_cpp: 8.4.1 (/opt/ros/jazzy/share/rmw_fastrtps_cpp/cmake)
[0.271s] -- Using RMW implementation 'rmw_fastrtps_cpp' as default
[0.306s] -- Found tf2_ros: 0.36.8 (/opt/ros/jazzy/share/tf2_ros/cmake)
[0.386s] -- Found tf2_geometry_msgs: 0.36.8 (/opt/ros/jazzy/share/tf2_geometry_msgs/cmake)
[0.389s] -- Found eigen3_cmake_module: 0.3.0 (/opt/ros/jazzy/share/eigen3_cmake_module/cmake)
[0.389s] -- Ensuring Eigen3 include directory is part of orocos-kdl CMake target
[0.391s] -- Found ament_lint_auto: 0.17.1 (/opt/ros/jazzy/share/ament_lint_auto/cmake)
[0.446s] -- Added test 'cppcheck' to perform static code analysis on C / C++ code
[0.446s] -- Configured cppcheck include dirs: 
[0.447s] -- Configured cppcheck exclude dirs and/or files: 
[0.447s] -- Added test 'lint_cmake' to check CMake code style
[0.447s] -- Added test 'uncrustify' to check C / C++ code style
[0.447s] -- Configured uncrustify additional arguments: 
[0.447s] -- Added test 'xmllint' to check XML markup files
[0.447s] -- Configuring done (0.4s)
[0.459s] -- Generating done (0.0s)
[0.463s] -- Build files have been written to: /home/honhe/learn_ros/Chapter5/chapt5_ws/build/demo_cpp_tf
[0.489s] [ 16%] [32mBuilding CXX object CMakeFiles/tf_listener.dir/src/tf_listener.cpp.o[0m
[0.498s] [ 50%] Built target static_tf_broadcaster
[0.498s] [ 83%] Built target dynamic_tf_broadcaster
[1.677s] [01m[K/home/honhe/learn_ros/Chapter5/chapt5_ws/src/demo_cpp_tf/src/tf_listener.cpp:64:2:[m[K [01;31m[Kerror: [m[Kexpected â€˜[01m[K}[m[Kâ€™ at end of input
[1.677s]    64 | }
[1.677s]       |  [01;31m[K^[m[K
[1.677s] [01m[K/home/honhe/learn_ros/Chapter5/chapt5_ws/src/demo_cpp_tf/src/tf_listener.cpp:12:40:[m[K [01;36m[Knote: [m[Kto match this â€˜[01m[K{[m[Kâ€™
[1.677s]    12 | class TFListener : public rclcpp::Node [01;36m[K{[m[K
[1.677s]       |                                        [01;36m[K^[m[K
[1.681s] [01m[K/home/honhe/learn_ros/Chapter5/chapt5_ws/src/demo_cpp_tf/src/tf_listener.cpp:[m[K In constructor â€˜[01m[KTFListener::[01;32m[KTFListener[m[K()[m[Kâ€™:
[1.681s] [01m[K/home/honhe/learn_ros/Chapter5/chapt5_ws/src/demo_cpp_tf/src/tf_listener.cpp:16:5:[m[K [01;31m[Kerror: [m[Kâ€˜[01m[Kbuffer_[m[Kâ€™ was not declared in this scope
[1.681s]    16 |     [01;31m[Kbuffer_[m[K = std::make_shared<tf2_ros::Buffer>(this->get_clock());
[1.681s]       |     [01;31m[K^~~~~~~[m[K
[1.685s] [01m[K/home/honhe/learn_ros/Chapter5/chapt5_ws/src/demo_cpp_tf/src/tf_listener.cpp:17:5:[m[K [01;31m[Kerror: [m[Kâ€˜[01m[Klistener_[m[Kâ€™ was not declared in this scope
[1.685s]    17 |     [01;31m[Klistener_[m[K = std::make_shared<tf2_ros::TransformListener>(*buffer_,this);
[1.685s]       |     [01;31m[K^~~~~~~~~[m[K
[1.688s] [01m[K/home/honhe/learn_ros/Chapter5/chapt5_ws/src/demo_cpp_tf/src/tf_listener.cpp:18:5:[m[K [01;31m[Kerror: [m[Kâ€˜[01m[Ktimer_[m[Kâ€™ was not declared in this scope; did you mean â€˜[01m[Ktimer_t[m[Kâ€™?
[1.688s]    18 |     [01;31m[Ktimer_[m[K = this->create_wall_timer(100ms,std::bind(&TFListener::getTransform,this));
[1.688s]       |     [01;31m[K^~~~~~[m[K
[1.688s]       |     [32m[Ktimer_t[m[K
[1.695s] [01m[K/home/honhe/learn_ros/Chapter5/chapt5_ws/src/demo_cpp_tf/src/tf_listener.cpp:[m[K In member function â€˜[01m[Kvoid TFListener::[01;32m[KgetTransform[m[K()[m[Kâ€™:
[1.695s] [01m[K/home/honhe/learn_ros/Chapter5/chapt5_ws/src/demo_cpp_tf/src/tf_listener.cpp:24:32:[m[K [01;31m[Kerror: [m[Kâ€˜[01m[Kbuffer_[m[Kâ€™ was not declared in this scope
[1.695s]    24 |         const auto transform = [01;31m[Kbuffer_[m[K->lookupTransform("base_link","target_point",
[1.696s]       |                                [01;31m[K^~~~~~~[m[K
[1.696s] [01m[K/home/honhe/learn_ros/Chapter5/chapt5_ws/src/demo_cpp_tf/src/tf_listener.cpp:34:5:[m[K [01;31m[Kerror: [m[Kexpected primary-expression before â€˜[01m[Kcatch[m[Kâ€™
[1.696s]    34 |     [01;31m[Kcatch[m[K(const std::exception& e){
[1.696s]       |     [01;31m[K^~~~~[m[K
[1.696s] [01m[K/home/honhe/learn_ros/Chapter5/chapt5_ws/src/demo_cpp_tf/src/tf_listener.cpp:52:9:[m[K [01;31m[Kerror: [m[Kexpected â€˜[01m[Kcatch[m[Kâ€™ before â€˜[01m[K:[m[Kâ€™ token
[1.696s]    52 |  private[01;31m[K:[m[K
[1.696s]       |         [01;31m[K^[m[K
[1.696s] [01m[K/home/honhe/learn_ros/Chapter5/chapt5_ws/src/demo_cpp_tf/src/tf_listener.cpp:52:9:[m[K [01;31m[Kerror: [m[Kexpected â€˜[01m[K([m[Kâ€™ before â€˜[01m[K:[m[Kâ€™ token
[1.696s] [01m[K/home/honhe/learn_ros/Chapter5/chapt5_ws/src/demo_cpp_tf/src/tf_listener.cpp:52:9:[m[K [01;31m[Kerror: [m[Kexpected type-specifier before â€˜[01m[K:[m[Kâ€™ token
[1.696s] [01m[K/home/honhe/learn_ros/Chapter5/chapt5_ws/src/demo_cpp_tf/src/tf_listener.cpp:52:9:[m[K [01;31m[Kerror: [m[Kexpected â€˜[01m[K)[m[Kâ€™ before â€˜[01m[K:[m[Kâ€™ token
[1.696s] [01m[K/home/honhe/learn_ros/Chapter5/chapt5_ws/src/demo_cpp_tf/src/tf_listener.cpp:52:9:[m[K [01;36m[Knote: [m[Kto match this â€˜[01m[K([m[Kâ€™
[1.696s] [01m[K/home/honhe/learn_ros/Chapter5/chapt5_ws/src/demo_cpp_tf/src/tf_listener.cpp:52:9:[m[K [01;31m[Kerror: [m[Kexpected â€˜[01m[K{[m[Kâ€™ before â€˜[01m[K:[m[Kâ€™ token
[1.696s] [01m[K/home/honhe/learn_ros/Chapter5/chapt5_ws/src/demo_cpp_tf/src/tf_listener.cpp:52:9:[m[K [01;31m[Kerror: [m[Kexpected primary-expression before â€˜[01m[K:[m[Kâ€™ token
[1.698s] [01m[K/home/honhe/learn_ros/Chapter5/chapt5_ws/src/demo_cpp_tf/src/tf_listener.cpp:[m[K At global scope:
[1.698s] [01m[K/home/honhe/learn_ros/Chapter5/chapt5_ws/src/demo_cpp_tf/src/tf_listener.cpp:64:2:[m[K [01;31m[Kerror: [m[Kexpected unqualified-id at end of input
[1.698s]    64 | }
[1.698s]       |  [01;31m[K^[m[K
[2.130s] gmake[2]: *** [CMakeFiles/tf_listener.dir/build.make:76: CMakeFiles/tf_listener.dir/src/tf_listener.cpp.o] Error 1
[2.130s] gmake[1]: *** [CMakeFiles/Makefile2:193: CMakeFiles/tf_listener.dir/all] Error 2
[2.130s] gmake: *** [Makefile:146: all] Error 2
[2.132s] Invoked command in '/home/honhe/learn_ros/Chapter5/chapt5_ws/build/demo_cpp_tf' returned '2': CMAKE_PREFIX_PATH=${CMAKE_PREFIX_PATH}:/home/honhe/learn_ros/Chapter5/chapt5_ws/install/demo_python_tf:/opt/ros/jazzy DEBUGINFOD_URLS=https://debuginfod.ubuntu.com VIRTUAL_ENV_PROMPT=(learn_ros_venv) /usr/bin/cmake --build /home/honhe/learn_ros/Chapter5/chapt5_ws/build/demo_cpp_tf -- -j32 -l32
